2024-01-03 10:27:06.172 [info] Extension host with pid 17932 started
2024-01-03 10:27:06.727 [info] ExtensionService#_doActivateExtension HTMLHint.vscode-htmlhint, startup: false, activationEvent: 'onFileSystem:file'
2024-01-03 10:27:06.730 [info] ExtensionService#_doActivateExtension vscode.microsoft-authentication, startup: false, activationEvent: 'onAuthenticationRequest:microsoft'
2024-01-03 10:27:06.731 [info] ExtensionService#_doActivateExtension vscode.git-base, startup: true, activationEvent: '*', root cause: vscode.git
2024-01-03 10:27:06.732 [info] ExtensionService#_doActivateExtension mosapride.zenkaku, startup: true, activationEvent: '*'
2024-01-03 10:27:06.733 [info] ExtensionService#_doActivateExtension xshrim.txt-syntax, startup: true, activationEvent: '*'
2024-01-03 10:27:07.753 [info] ExtensionService#_doActivateExtension vscode.git, startup: true, activationEvent: '*'
2024-01-03 10:27:07.754 [info] ExtensionService#_doActivateExtension vscode.github, startup: true, activationEvent: '*'
2024-01-03 10:27:07.801 [info] ExtensionService#_doActivateExtension vscode.github-authentication, startup: false, activationEvent: 'onAuthenticationRequest:github'
2024-01-03 10:27:09.671 [info] Eager extensions activated
2024-01-03 10:27:09.700 [info] ExtensionService#_doActivateExtension vscode.debug-auto-launch, startup: false, activationEvent: 'onStartupFinished'
2024-01-03 10:27:09.701 [info] ExtensionService#_doActivateExtension vscode.emmet, startup: false, activationEvent: 'onStartupFinished'
2024-01-03 10:27:09.702 [info] ExtensionService#_doActivateExtension vscode.merge-conflict, startup: false, activationEvent: 'onStartupFinished'
2024-01-03 10:27:09.703 [info] ExtensionService#_doActivateExtension ms-vscode-remote.remote-wsl-recommender, startup: false, activationEvent: 'onStartupFinished'
2024-01-03 10:27:09.704 [info] ExtensionService#_doActivateExtension dbaeumer.vscode-eslint, startup: false, activationEvent: 'onStartupFinished'
2024-01-03 10:27:09.704 [info] ExtensionService#_doActivateExtension dsznajder.es7-react-js-snippets, startup: false, activationEvent: 'onStartupFinished'
2024-01-03 10:27:09.704 [info] ExtensionService#_doActivateExtension esbenp.prettier-vscode, startup: false, activationEvent: 'onStartupFinished'
2024-01-03 10:27:09.705 [info] ExtensionService#_doActivateExtension ms-vscode-remote.remote-containers, startup: false, activationEvent: 'onStartupFinished'
2024-01-03 10:27:09.705 [info] ExtensionService#_doActivateExtension ms-vscode-remote.remote-wsl, startup: false, activationEvent: 'onStartupFinished'
2024-01-03 10:27:09.706 [info] ExtensionService#_doActivateExtension ritwickdey.LiveServer, startup: false, activationEvent: 'onStartupFinished'
2024-01-03 10:27:13.595 [error] Activating extension ms-vscode-remote.remote-containers failed due to an error:
2024-01-03 10:27:13.595 [error] Error: Cannot find module 'c:\Users\tachibana\.vscode\extensions\ms-vscode-remote.remote-containers-0.266.1\dist\extension\extension'
Require stack:
- c:\Users\tachibana\AppData\Local\Programs\Microsoft VS Code\resources\app\out\vs\loader.js
- c:\Users\tachibana\AppData\Local\Programs\Microsoft VS Code\resources\app\out\bootstrap-amd.js
- c:\Users\tachibana\AppData\Local\Programs\Microsoft VS Code\resources\app\out\bootstrap-fork.js
	at Module._resolveFilename (node:internal/modules/cjs/loader:987:15)
	at Module._load (node:internal/modules/cjs/loader:832:27)
	at c._load (node:electron/js2c/asar_bundle:5:13343)
	at r._load (c:\Users\tachibana\AppData\Local\Programs\Microsoft VS Code\resources\app\out\vs\workbench\api\node\extensionHostProcess.js:120:13379)
	at w._load (c:\Users\tachibana\AppData\Local\Programs\Microsoft VS Code\resources\app\out\vs\workbench\api\node\extensionHostProcess.js:115:61900)
	at v._load (c:\Users\tachibana\AppData\Local\Programs\Microsoft VS Code\resources\app\out\vs\workbench\api\node\extensionHostProcess.js:115:61293)
	at Module.require (node:internal/modules/cjs/loader:1059:19)
	at require (node:internal/modules/cjs/helpers:102:18)
	at Function.r [as __$__nodeRequire] (c:\Users\tachibana\AppData\Local\Programs\Microsoft VS Code\resources\app\out\vs\loader.js:5:101)
	at d.pb (c:\Users\tachibana\AppData\Local\Programs\Microsoft VS Code\resources\app\out\vs\workbench\api\node\extensionHostProcess.js:115:63164)
	at process.processTicksAndRejections (node:internal/process/task_queues:96:5)
	at async Promise.all (index 0)
2024-01-03 10:27:16.481 [error] No bundle location found for extension ms-vscode-remote.remote-wsl-recommender
2024-01-03 11:18:46.371 [info] Extension host terminating: received terminate message from renderer
2024-01-03 11:18:46.413 [info] Extension host with pid 17932 exiting with code 0
